2026.05.05 13:54:04 INFO  Started: Metals version 1.6.7 in folders '/Users/johannesekros/UAP Projekt/Projekt-UAP' for client Visual Studio Code 1.103.2.
2026.05.05 13:54:04 INFO  Memory monitor started
2026.05.05 13:54:04 WARN  Using H2 2.4.240 which is newer than the version Flyway has been verified with. The latest verified version of H2 is 2.3.232.
2026.05.05 13:54:05 WARN  no build tool detected in workspace '/Users/johannesekros/UAP Projekt/Projekt-UAP'. The most common cause for this problem is that the editor was opened in the wrong working directory, for example if you use sbt then the workspace directory should contain build.sbt. 
2026.05.05 13:54:05 WARN  Build server is not auto-connectable.
maj 05, 2026 1:54:08 EM org.eclipse.lsp4j.jsonrpc.RemoteEndpoint handleNotification
VARNING: Notification threw an exception: {
  "jsonrpc": "2.0",
  "method": "metals/didFocusTextDocument",
  "params": [
    "class:/Users/johannesekros/UAP%20Projekt/Projekt-UAP/bin/App.class"
  ]
}
java.nio.file.FileSystemNotFoundException: Provider "class" not installed
	at java.base/java.nio.file.Path.of(Path.java:210)
	at java.base/java.nio.file.Paths.get(Paths.java:95)
	at scala.meta.internal.mtags.MtagsEnrichments$XtensionURIMtags.toAbsolutePath(MtagsEnrichments.scala:149)
	at scala.meta.internal.mtags.MtagsEnrichments$XtensionStringMtags.toAbsolutePath(MtagsEnrichments.scala:209)
	at scala.meta.internal.metals.MetalsEnrichments$XtensionString.toAbsolutePath(MetalsEnrichments.scala:787)
	at scala.meta.internal.metals.MetalsEnrichments$XtensionString.toAbsolutePath(MetalsEnrichments.scala:784)
	at scala.meta.internal.metals.WorkspaceLspService.didFocus(WorkspaceLspService.scala:808)
	at scala.meta.metals.lsp.DelegatingScalaService.didFocus(DelegatingScalaService.scala:42)
	at java.base/jdk.internal.reflect.DirectMethodHandleAccessor.invoke(DirectMethodHandleAccessor.java:104)
	at java.base/java.lang.reflect.Method.invoke(Method.java:565)
	at org.eclipse.lsp4j.jsonrpc.services.GenericEndpoint.lambda$recursiveFindRpcMethods$0(GenericEndpoint.java:65)
	at org.eclipse.lsp4j.jsonrpc.services.GenericEndpoint.notify(GenericEndpoint.java:160)
	at org.eclipse.lsp4j.jsonrpc.RemoteEndpoint.handleNotification(RemoteEndpoint.java:225)
	at org.eclipse.lsp4j.jsonrpc.RemoteEndpoint.consume(RemoteEndpoint.java:192)
	at org.eclipse.lsp4j.jsonrpc.json.StreamMessageProducer.handleMessage(StreamMessageProducer.java:189)
	at org.eclipse.lsp4j.jsonrpc.json.StreamMessageProducer.listen(StreamMessageProducer.java:97)
	at org.eclipse.lsp4j.jsonrpc.json.ConcurrentMessageProcessor.run(ConcurrentMessageProcessor.java:97)
	at java.base/java.util.concurrent.Executors$RunnableAdapter.call(Executors.java:545)
	at java.base/java.util.concurrent.FutureTask.run(FutureTask.java:328)
	at java.base/java.util.concurrent.ThreadPoolExecutor.runWorker(ThreadPoolExecutor.java:1090)
	at java.base/java.util.concurrent.ThreadPoolExecutor$Worker.run(ThreadPoolExecutor.java:614)
	at java.base/java.lang.Thread.run(Thread.java:1474)

2026.05.05 13:57:27 WARN  no build target for: /Users/johannesekros/UAP Projekt/Projekt-UAP/src/App.java
2026.05.05 13:57:27 INFO  no build target found for /Users/johannesekros/UAP Projekt/Projekt-UAP/src/App.java. Using fallback presentation compiler.
2026.05.05 13:57:27 INFO  no build target found for /Users/johannesekros/UAP Projekt/Projekt-UAP/src/App.java. Using fallback presentation compiler.
2026.05.05 13:57:28 WARN  Running javac-semanticdb failed for file:///Users/johannesekros/UAP%20Projekt/Projekt-UAP/src/App.java. Output:

2026.05.05 13:57:28 INFO  no build target found for /Users/johannesekros/UAP Projekt/Projekt-UAP/src/App.java. Using fallback presentation compiler.
2026.05.05 13:57:30 INFO  no build target found for /Users/johannesekros/UAP Projekt/Projekt-UAP/src/App.java. Using fallback presentation compiler.
2026.05.05 13:57:30 INFO  no build target found for /Users/johannesekros/UAP Projekt/Projekt-UAP/src/App.java. Using fallback presentation compiler.
2026.05.05 13:57:30 INFO  no build target found for /Users/johannesekros/UAP Projekt/Projekt-UAP/src/App.java. Using fallback presentation compiler.
2026.05.05 13:57:30 INFO  no build target found for /Users/johannesekros/UAP Projekt/Projekt-UAP/src/App.java. Using fallback presentation compiler.
2026.05.05 13:57:31 INFO  no build target found for /Users/johannesekros/UAP Projekt/Projekt-UAP/src/App.java. Using fallback presentation compiler.
2026.05.05 13:57:31 WARN  Running javac-semanticdb failed for file:///Users/johannesekros/UAP%20Projekt/Projekt-UAP/src/App.java. Output:

2026.05.05 13:57:31 INFO  no build target found for /Users/johannesekros/UAP Projekt/Projekt-UAP/src/App.java. Using fallback presentation compiler.
2026.05.05 13:57:31 INFO  no build target found for /Users/johannesekros/UAP Projekt/Projekt-UAP/src/App.java. Using fallback presentation compiler.
2026.05.05 13:57:31 INFO  no build target found for /Users/johannesekros/UAP Projekt/Projekt-UAP/src/App.java. Using fallback presentation compiler.
2026.05.05 13:57:32 WARN  Running javac-semanticdb failed for file:///Users/johannesekros/UAP%20Projekt/Projekt-UAP/src/App.java. Output:

2026.05.05 13:57:32 INFO  no build target found for /Users/johannesekros/UAP Projekt/Projekt-UAP/src/App.java. Using fallback presentation compiler.
2026.05.05 13:57:32 INFO  no build target found for /Users/johannesekros/UAP Projekt/Projekt-UAP/src/App.java. Using fallback presentation compiler.
2026.05.05 13:57:32 WARN  no build target for: /Users/johannesekros/UAP Projekt/Projekt-UAP/src/App.java
2026.05.05 13:57:32 INFO  no build target found for /Users/johannesekros/UAP Projekt/Projekt-UAP/src/App.java. Using fallback presentation compiler.
maj 05, 2026 2:08:52 EM org.eclipse.lsp4j.jsonrpc.services.GenericEndpoint notify
INFO: Unsupported notification method: $/setTrace
maj 05, 2026 2:08:52 EM org.eclipse.lsp4j.jsonrpc.services.GenericEndpoint notify
INFO: Unsupported notification method: $/setTrace
